-------------------------------------------------------------------------------
Test set: org.mal_lang.webLang.test.TestWebLang
-------------------------------------------------------------------------------
Tests run: 3, Failures: 1, Errors: 0, Skipped: 0, Time elapsed: 0.052 s <<< FAILURE! - in org.mal_lang.webLang.test.TestWebLang
org.mal_lang.webLang.test.TestWebLang.testAdminSectionWithoutPath  Time elapsed: 0.006 s  <<< FAILURE!
org.opentest4j.AssertionFailedError: 
	at org.mal_lang.webLang.test.TestWebLang.testAdminSectionWithoutPath(TestWebLang.java:114)

