<?xml version="1.0" encoding="UTF-8"?>
<testsuite xmlns:xsi="http://www.w3.org/2001/XMLSchema-instance" xsi:noNamespaceSchemaLocation="https://maven.apache.org/surefire/maven-surefire-plugin/xsd/surefire-test-report-3.0.xsd" version="3.0" name="org.mal_lang.webLang.test.TestWebLang" time="0.045" tests="3" errors="0" skipped="0" failures="0">
  <properties>
[...]
</properties>
  <testcase name="testAdminSection" classname="org.mal_lang.webLang.test.TestWebLang" time="0.03">
    <system-out><![CDATA[Try to access Admin Section
+ Angular.access was reached instantaneously as expected.
+ Angular.attemptBrokenAccessControlAttack was reached instantaneously as expected.
+ Angular.inspectScripts was reached instantaneously as expected.
+ Expressjs.accessServerScripts was reached instantaneously as expected.
+ Scripts.access was reached instantaneously from Expressjs.accessServerScripts as expected.
+ Angular.brokenAccessControlAttack was reached instantaneously from Angular.inspectScripts as expected.
+ Angular.attemptInjectionAttack was reached instantaneously as expected.
+ Expressjs.sendMaliciousRequest was reached instantaneously as expected.
+ Sequalize.getRequest was reached instantaneously from Expressjs.sendMaliciousRequest as expected.
+ SQLite.read was reached instantaneously as expected.
+ SQLiteDatabase.readUserInfo was reached instantaneously as expected.
+ adminCredentials.readCredentials was reached instantaneously as expected.
+ admin.compromise was reached instantaneously from adminCredentials.readCredentials as expected.
+ user.accountCompromised was reached instantaneously as expected.
+ Angular.brokenAccessControlAttack was reached instantaneously from user.accountCompromised as expected.
+ Angular.brokenAccessControlAttack was reached instantaneously from Angular.attemptInjectionAttack as expected.
+ Expressjs.access was reached instantaneously as expected.
+ adminSection.access was reached instantaneously from Expressjs.access as expected.
+ adminSection.access was reached instantaneously from Expressjs.accessServerScripts as expected.
]]></system-out>
  </testcase>
  <testcase name="testAdminSectionWithoutAdminAccount" classname="org.mal_lang.webLang.test.TestWebLang" time="0.004">
    <system-out><![CDATA[Try to access Admin Section without admin account
+ Angular.access was reached instantaneously as expected.
+ Angular.attemptBrokenAccessControlAttack was reached instantaneously as expected.
+ Angular.inspectScripts was reached instantaneously as expected.
+ Expressjs.accessServerScripts was reached instantaneously as expected.
+ Scripts.access was reached instantaneously from Expressjs.accessServerScripts as expected.
+ Angular.brokenAccessControlAttack was not reached, as expected.
+ Expressjs.access was not reached, as expected.
+ adminSection.access was not reached, as expected.
]]></system-out>
  </testcase>
  <testcase name="testAdminSectionWithoutPath" classname="org.mal_lang.webLang.test.TestWebLang" time="0.002">
    <system-out><![CDATA[Try to access Admin Section when scripts are unavailable
+ Angular.access was reached instantaneously as expected.
+ Angular.attemptBrokenAccessControlAttack was reached instantaneously as expected.
+ Angular.attemptInjectionAttack was reached instantaneously as expected.
+ Expressjs.sendMaliciousRequest was reached instantaneously as expected.
+ Sequalize.getRequest was reached instantaneously from Expressjs.sendMaliciousRequest as expected.
+ SQLite.read was reached instantaneously as expected.
+ SQLiteDatabase.readUserInfo was reached instantaneously as expected.
+ adminCredentials.readCredentials was reached instantaneously as expected.
+ admin.compromise was reached instantaneously from adminCredentials.readCredentials as expected.
+ user.accountCompromised was reached instantaneously as expected.
+ Angular.brokenAccessControlAttack was not reached, as expected.
+ Expressjs.access was not reached, as expected.
+ adminSection.access was not reached, as expected.
]]></system-out>
  </testcase>
</testsuite>